[15-05-15 09:18:33][Thread-2][route.py:24] INFO: request: /headline/morningnews {'start': '0', 'limit': '6'}
[15-05-15 09:18:33][Thread-2][headline.py:34] INFO: 查询当日头条新闻信息...！
[15-05-15 09:28:24][Thread-15][route.py:24] INFO: request: /morningnews/chinanews {'start': '0', 'limit': '8'}
[15-05-15 09:28:24][Thread-7][route.py:24] INFO: request: /morningnews/stocknews {'start': '0', 'limit': '8'}
[15-05-15 09:28:24][Thread-15][morningnews.py:54] INFO: 查询财经新闻详情通用查询接口...！SQL: SELECT NEWS.TITLE AS title, NEWS.IMAGEURL AS imageUrl,  SUBSTRING(NEWS.PUBDATE,1,16) AS pubDate,  NEWS.LINKURL AS linkUrl ,  NEWS.DESCRIPTCONTEXT AS descriptContext  FROM  MORNING_FINANCENEWS_RESOURCE_TABLE  NEWS   WHERE  1=1  AND  NEWS.NEWSFLAG = 'CHINA'  ORDER BY  NEWS.PUBDATE DESC   LIMIT 0,8
[15-05-15 09:28:24][Thread-7][morningnews.py:54] INFO: 查询财经新闻详情通用查询接口...！SQL: SELECT NEWS.TITLE AS title, NEWS.IMAGEURL AS imageUrl,  SUBSTRING(NEWS.PUBDATE,1,16) AS pubDate,  NEWS.LINKURL AS linkUrl ,  NEWS.DESCRIPTCONTEXT AS descriptContext  FROM  MORNING_FINANCENEWS_RESOURCE_TABLE  NEWS   WHERE  1=1  AND  NEWS.NEWSFLAG = 'STOCK'  ORDER BY  NEWS.PUBDATE DESC   LIMIT 0,8
[15-05-15 09:28:30][Thread-14][route.py:24] INFO: request: /headline/morningnews {'start': '0', 'limit': '6'}
[15-05-15 09:28:30][Thread-14][headline.py:34] INFO: 查询当日头条新闻信息...！
[15-05-15 10:04:39][Thread-4][route.py:24] INFO: request: /headline/morningnews {'start': '0', 'limit': '6'}
[15-05-15 10:04:39][Thread-4][headline.py:34] INFO: 查询当日头条新闻信息...！
[15-05-15 10:04:42][Thread-8][route.py:24] INFO: request: /headline/morningnews {'start': '0', 'limit': '6'}
[15-05-15 10:04:42][Thread-8][headline.py:34] INFO: 查询当日头条新闻信息...！
[15-05-15 10:04:44][Thread-16][route.py:24] INFO: request: /headline/hotmarket {'start': '0', 'limit': '8'}
[15-05-15 10:04:44][Thread-16][headline.py:63] INFO: 查询当日头条新闻信息...！
[15-05-15 10:04:44][MainThread][route.py:165] WARNING: not found!uri=datacenter/plateconcept,method=2,parameters=|{'start': ['0'], 'limit': ['10']}|
[15-05-15 10:04:46][Thread-1][route.py:24] INFO: request: /headline/morningnews {'start': '0', 'limit': '6'}
[15-05-15 10:04:46][Thread-1][headline.py:34] INFO: 查询当日头条新闻信息...！
[15-05-15 10:04:46][Thread-9][route.py:24] INFO: request: /headline/hotmarket {'start': '0', 'limit': '8'}
[15-05-15 10:04:46][Thread-9][headline.py:63] INFO: 查询当日头条新闻信息...！
[15-05-15 10:04:49][Thread-10][route.py:24] INFO: request: /dailyblog/byresourcetype {'start': '0', 'countPerPage': '15', 'limit': '15', 'bzfl': '0', 'bzname': ''}
[15-05-15 10:04:49][Thread-10][dailyblog.py:31] INFO: 查询财经作者列表信息...！ SELECT A.BZ_NAME AS bzname, A.BZ_INTRODUCE AS bzintroduce, A.BZ_FL AS bzfl, SUBSTRING(A.CREATEDATE,1,16)  AS createDate ,A.SRC_NAME AS srcname, A.ID AS id  FROM DAILYBLOG_AUTHOR_RESOURCE_TABLE A WHERE 1 = 1 AND A.BZ_FL=0  ORDER BY  POPULATION_FLAG  DESC  LIMIT 0,15
[15-05-15 10:04:49][Thread-10][dailyblog.py:42] INFO: 查询财经作者列表信息...！ SELECT COUNT(ID) AS COUNTS  FROM DAILYBLOG_AUTHOR_RESOURCE_TABLE A WHERE 1 = 1 AND A.BZ_FL=0 
[15-05-15 10:04:50][Thread-11][route.py:24] INFO: request: /dailyblog/dailyarticles {'start': '0', 'limit': '8'}
[15-05-15 10:04:50][Thread-11][dailyblog.py:100] INFO: 国内股票经济评论家当天的所有文章明细记录...！SELECT CJXJ_DETAIL.TITLE AS title , CJXJ.SRC_NAME AS imageUrl , SUBSTRING(CJXJ_DETAIL.PUBDATE,1,16) AS pubDate , CJXJ_DETAIL.LINKURL AS linkUrl, CJXJ.ID AS id FROM DAILYBLOG_RESOURCE_DETAIL_TABLE CJXJ_DETAIL , DAILYBLOG_AUTHOR_RESOURCE_TABLE CJXJ WHERE 1=1 AND  CJXJ.ID = CJXJ_DETAIL.ID AND  CJXJ.BZ_FL = 0 AND  DATE(CJXJ_DETAIL.PUBDATE) = CURDATE() ORDER BY CJXJ_DETAIL.PUBDATE DESC LIMIT 0,8
[15-05-15 10:04:50][Thread-11][dailyblog.py:108] INFO: 查找当前作者所有文章的明细记录总条数...！  SELECT  COUNT(ID) AS COUNTS FROM  DAILYBLOG_RESOURCE_DETAIL_TABLE CJXJ_DETAIL  WHERE DATE(CJXJ_DETAIL.PUBDATE) = CURDATE()
[15-05-15 10:04:54][Thread-12][route.py:24] INFO: request: /headline/morningnews {'start': '0', 'limit': '6'}
[15-05-15 10:04:54][Thread-12][headline.py:34] INFO: 查询当日头条新闻信息...！
[15-05-15 10:04:56][Thread-5][route.py:24] INFO: request: /headline/morningnews {'start': '0', 'limit': '6'}
[15-05-15 10:04:56][Thread-5][headline.py:34] INFO: 查询当日头条新闻信息...！
[15-05-15 10:06:43][Thread-13][route.py:24] INFO: request: /headline/morningnews {'start': '0', 'limit': '6'}
[15-05-15 10:06:43][Thread-13][headline.py:34] INFO: 查询当日头条新闻信息...！
[15-05-15 10:17:49][Thread-3][route.py:24] INFO: request: /headline/morningnews {'start': '0', 'limit': '6'}
[15-05-15 10:17:49][Thread-3][headline.py:34] INFO: 查询当日头条新闻信息...！
[15-05-15 10:17:53][Thread-6][route.py:24] INFO: request: /headline/morningnews {'start': '0', 'limit': '6'}
[15-05-15 10:17:53][Thread-6][headline.py:34] INFO: 查询当日头条新闻信息...！
[15-05-15 10:17:55][Thread-2][route.py:24] INFO: request: /headline/morningnews {'start': '0', 'limit': '6'}
[15-05-15 10:17:55][Thread-2][headline.py:34] INFO: 查询当日头条新闻信息...！
[15-05-15 10:17:58][Thread-15][route.py:24] INFO: request: /headline/morningnews {'start': '0', 'limit': '6'}
[15-05-15 10:17:58][Thread-15][headline.py:34] INFO: 查询当日头条新闻信息...！
